<?xml version="1.0" encoding="UTF-8"?>
<!-- Generated by org.testng.reporters.JUnitXMLReporter -->
<testsuite hostname="NIBC2466" name="Test" tests="5" failures="0" timestamp="10 Jan 2017 15:47:24 GMT" time="1520.015" errors="0">
  <testcase name="Edit_buyer_details_function" time="269.449" classname="Scenarios.AWB_V2.Edit_buyer_details_function"/>
  <testcase name="Edit_tax_exemption_function" time="264.401" classname="Scenarios.AWB_V2.Edit_tax_exemption_function"/>
  <testcase name="Verify_AuctionBuyer_with_name_auction_account_customer_account_mtd" time="233.241" classname="Scenarios.AWB_V2.Verify_AuctionBuyer_with_name_auction_account_customer_account"/>
  <testcase name="Verify_create_note_functions" time="493.375" classname="Scenarios.AWB_V2.Verify_create_note_functions"/>
  <testcase name="Verify_uction_buyer_address_Phone_Email_ID" time="198.109" classname="Scenarios.AWB_V2.Verify_uction_buyer_address_Phone_Email_ID"/>
</testsuite> <!-- Test -->
