<?xml version="1.0" encoding="UTF-8"?>
<testng-results skipped="0" failed="0" total="1" passed="1">
  <reporter-output>
    <line>
      <![CDATA[Browser Launched Successfully]]>
    </line>
    <line>
      <![CDATA[Test Case Started]]>
    </line>
    <line>
      <![CDATA[Connected to the database...]]>
    </line>
    <line>
      <![CDATA[Connected to the database...]]>
    </line>
    <line>
      <![CDATA[Connected to the database...]]>
    </line>
    <line>
      <![CDATA[pass]]>
    </line>
    <line>
      <![CDATA[Test case completed: ]]>
    </line>
  </reporter-output>
  <suite name="Default suite" duration-ms="375241" started-at="2017-02-22T10:25:46Z" finished-at="2017-02-22T10:32:01Z">
    <groups>
    </groups>
    <test name="Default test" duration-ms="375241" started-at="2017-02-22T10:25:46Z" finished-at="2017-02-22T10:32:01Z">
      <class name="Scenarios.MiscallaneousCharges.Verify_That_Misc_Charges_Can_Be_Added_For_Former_Customers">
        <test-method status="PASS" signature="BrowserLaunch()[pri:0, instance:Scenarios.MiscallaneousCharges.Verify_That_Misc_Charges_Can_Be_Added_For_Former_Customers@6e06451e]" name="BrowserLaunch" is-config="true" duration-ms="27795" started-at="2017-02-22T02:25:46Z" finished-at="2017-02-22T02:26:13Z">
          <reporter-output>
            <line>
              <![CDATA[Browser Launched Successfully]]>
            </line>
          </reporter-output>
        </test-method> <!-- BrowserLaunch -->
        <test-method status="PASS" signature="Verify_That_Misc_Charges_Can_Be_Added_For_Former_Customers(java.util.Hashtable)[pri:0, instance:Scenarios.MiscallaneousCharges.Verify_That_Misc_Charges_Can_Be_Added_For_Former_Customers@6e06451e]" name="Verify_That_Misc_Charges_Can_Be_Added_For_Former_Customers" duration-ms="342307" started-at="2017-02-22T02:26:15Z" data-provider="getLoginData" finished-at="2017-02-22T02:31:57Z">
          <params>
            <param index="0">
              <value>
                <![CDATA[{CustomerButtontext=Find Customer, Password=password, Flag message Abondoned goods large=, mischarges_dropdown3=Abandoned Goods Fee (Small), Bottom message abondoned goods medium=, mischarges_dropdown2=Damage Charge, mischarges_dropdown1=Cleaning Fee, Flag message damage charge=, DataToValidate=, Flag message Abondoned goods medium=, UserName=930326, Runmode=Y, ExpectedLedgerNames=, Bottom message abondoned goods large=, Flag message Abondoned goods Small=, Bottom message damage charge=, FirstName=NA, Notes=Simple Notes, Miscellaneous=Y, Bottom message abondoned goods small=, FindCustomeratLocText=Find a Customer at this Location:, chargesdropdownOptions=, TestCases=Verify_That_Misc_Charges_Can_Be_Added_For_Former_Customers}]]>
              </value>
            </param>
          </params>
          <reporter-output>
            <line>
              <![CDATA[Test Case Started]]>
            </line>
            <line>
              <![CDATA[Connected to the database...]]>
            </line>
            <line>
              <![CDATA[Connected to the database...]]>
            </line>
            <line>
              <![CDATA[Connected to the database...]]>
            </line>
          </reporter-output>
        </test-method> <!-- Verify_That_Misc_Charges_Can_Be_Added_For_Former_Customers -->
        <test-method status="PASS" signature="afterMethod()[pri:0, instance:Scenarios.MiscallaneousCharges.Verify_That_Misc_Charges_Can_Be_Added_For_Former_Customers@6e06451e]" name="afterMethod" is-config="true" duration-ms="1403" started-at="2017-02-22T02:31:57Z" finished-at="2017-02-22T02:31:59Z">
          <reporter-output>
            <line>
              <![CDATA[pass]]>
            </line>
            <line>
              <![CDATA[Test case completed: ]]>
            </line>
          </reporter-output>
        </test-method> <!-- afterMethod -->
        <test-method status="PASS" signature="closeBrowser()[pri:0, instance:Scenarios.MiscallaneousCharges.Verify_That_Misc_Charges_Can_Be_Added_For_Former_Customers@6e06451e]" name="closeBrowser" is-config="true" duration-ms="2141" started-at="2017-02-22T02:31:59Z" finished-at="2017-02-22T02:32:01Z">
          <reporter-output>
          </reporter-output>
        </test-method> <!-- closeBrowser -->
        <test-method status="FAIL" signature="executionResultFile()[pri:0, instance:Scenarios.MiscallaneousCharges.Verify_That_Misc_Charges_Can_Be_Added_For_Former_Customers@6e06451e]" name="executionResultFile" is-config="true" duration-ms="0" started-at="2017-02-22T02:32:01Z" finished-at="2017-02-22T02:32:01Z">
          <exception class="java.lang.NullPointerException">
            <full-stacktrace>
              <![CDATA[java.lang.NullPointerException
	at GenericMethods.Excel.copyHtmlFile(Excel.java:473)
	at Scenarios.Browser_Factory.executionResultFile(Browser_Factory.java:98)
	at sun.reflect.NativeMethodAccessorImpl.invoke0(Native Method)
	at sun.reflect.NativeMethodAccessorImpl.invoke(Unknown Source)
	at sun.reflect.DelegatingMethodAccessorImpl.invoke(Unknown Source)
	at java.lang.reflect.Method.invoke(Unknown Source)
	at org.testng.internal.MethodInvocationHelper.invokeMethod(MethodInvocationHelper.java:80)
	at org.testng.internal.Invoker.invokeConfigurationMethod(Invoker.java:564)
	at org.testng.internal.Invoker.invokeConfigurations(Invoker.java:213)
	at org.testng.internal.Invoker.invokeConfigurations(Invoker.java:138)
	at org.testng.SuiteRunner.privateRun(SuiteRunner.java:308)
	at org.testng.SuiteRunner.run(SuiteRunner.java:240)
	at org.testng.SuiteRunnerWorker.runSuite(SuiteRunnerWorker.java:52)
	at org.testng.SuiteRunnerWorker.run(SuiteRunnerWorker.java:86)
	at org.testng.TestNG.runSuitesSequentially(TestNG.java:1198)
	at org.testng.TestNG.runSuitesLocally(TestNG.java:1123)
	at org.testng.TestNG.run(TestNG.java:1031)
	at org.testng.remote.AbstractRemoteTestNG.run(AbstractRemoteTestNG.java:132)
	at org.testng.remote.RemoteTestNG.initAndRun(RemoteTestNG.java:236)
	at org.testng.remote.RemoteTestNG.main(RemoteTestNG.java:81)
]]>
            </full-stacktrace>
          </exception> <!-- java.lang.NullPointerException -->
          <reporter-output>
          </reporter-output>
        </test-method> <!-- executionResultFile -->
      </class> <!-- Scenarios.MiscallaneousCharges.Verify_That_Misc_Charges_Can_Be_Added_For_Former_Customers -->
    </test> <!-- Default test -->
  </suite> <!-- Default suite -->
</testng-results>
