<?xml version="1.0" encoding="UTF-8"?>
<testng-results skipped="1" failed="0" total="1" passed="0">
  <reporter-output>
    <line>
      <![CDATA[Browser Launched Successfully]]>
    </line>
  </reporter-output>
  <suite name="Suite" duration-ms="3378" started-at="2016-10-13T18:35:28Z" finished-at="2016-10-13T18:35:32Z">
    <groups>
    </groups>
    <test name="Test" duration-ms="3378" started-at="2016-10-13T18:35:28Z" finished-at="2016-10-13T18:35:32Z">
      <class name="Scenarios.Leasing.Leasing_LeaseUsingExistnigIndividualAccount">
        <test-method status="FAIL" signature="BrowserLaunch()[pri:0, instance:Scenarios.Leasing.Leasing_LeaseUsingExistnigIndividualAccount@78e000bb]" name="BrowserLaunch" is-config="true" duration-ms="0" started-at="2016-10-14T00:05:28Z" finished-at="2016-10-14T00:05:28Z">
          <exception class="org.openqa.selenium.SessionNotCreatedException">
            <message>
              <![CDATA[session not created exception
from unknown error: Runtime.executionContextCreated has invalid 'context': {"auxData":{"frameId":"1204.1","isDefault":true},"id":1,"name":"","origin":"://"}
  (Session info: chrome=54.0.2840.59)
  (Driver info: chromedriver=2.20.353145 (343b531d31eeb933ec778dbcf7081628a1396067),platform=Windows NT 6.1 SP1 x86_64) (WARNING: The server did not provide any stacktrace information)
Command duration or timeout: 554 milliseconds
Build info: version: '2.53.1', revision: 'a36b8b1cd5757287168e54b817830adce9b0158d', time: '2016-06-30 19:26:09'
System info: host: 'NIBC2466', ip: '192.168.21.107', os.name: 'Windows 7', os.arch: 'amd64', os.version: '6.1', java.version: '1.7.0_09'
Driver info: org.openqa.selenium.chrome.ChromeDriver]]>
            </message>
            <full-stacktrace>
              <![CDATA[org.openqa.selenium.SessionNotCreatedException: session not created exception
from unknown error: Runtime.executionContextCreated has invalid 'context': {"auxData":{"frameId":"1204.1","isDefault":true},"id":1,"name":"","origin":"://"}
  (Session info: chrome=54.0.2840.59)
  (Driver info: chromedriver=2.20.353145 (343b531d31eeb933ec778dbcf7081628a1396067),platform=Windows NT 6.1 SP1 x86_64) (WARNING: The server did not provide any stacktrace information)
Command duration or timeout: 554 milliseconds
Build info: version: '2.53.1', revision: 'a36b8b1cd5757287168e54b817830adce9b0158d', time: '2016-06-30 19:26:09'
System info: host: 'NIBC2466', ip: '192.168.21.107', os.name: 'Windows 7', os.arch: 'amd64', os.version: '6.1', java.version: '1.7.0_09'
Driver info: org.openqa.selenium.chrome.ChromeDriver
	at sun.reflect.NativeConstructorAccessorImpl.newInstance0(Native Method)
	at sun.reflect.NativeConstructorAccessorImpl.newInstance(NativeConstructorAccessorImpl.java:57)
	at sun.reflect.DelegatingConstructorAccessorImpl.newInstance(DelegatingConstructorAccessorImpl.java:45)
	at java.lang.reflect.Constructor.newInstance(Constructor.java:525)
	at org.openqa.selenium.remote.ErrorHandler.createThrowable(ErrorHandler.java:206)
	at org.openqa.selenium.remote.ErrorHandler.throwIfResponseFailed(ErrorHandler.java:158)
	at org.openqa.selenium.remote.RemoteWebDriver.execute(RemoteWebDriver.java:678)
	at org.openqa.selenium.remote.RemoteWebDriver.startSession(RemoteWebDriver.java:249)
	at org.openqa.selenium.remote.RemoteWebDriver.<init>(RemoteWebDriver.java:131)
	at org.openqa.selenium.remote.RemoteWebDriver.<init>(RemoteWebDriver.java:144)
	at org.openqa.selenium.chrome.ChromeDriver.<init>(ChromeDriver.java:170)
	at org.openqa.selenium.chrome.ChromeDriver.<init>(ChromeDriver.java:159)
	at org.openqa.selenium.chrome.ChromeDriver.<init>(ChromeDriver.java:148)
	at Scenarios.Browser_Factory.BrowserLaunch(Browser_Factory.java:52)
	at sun.reflect.NativeMethodAccessorImpl.invoke0(Native Method)
	at sun.reflect.NativeMethodAccessorImpl.invoke(NativeMethodAccessorImpl.java:57)
	at sun.reflect.DelegatingMethodAccessorImpl.invoke(DelegatingMethodAccessorImpl.java:43)
	at java.lang.reflect.Method.invoke(Method.java:601)
	at org.testng.internal.MethodInvocationHelper.invokeMethod(MethodInvocationHelper.java:80)
	at org.testng.internal.Invoker.invokeConfigurationMethod(Invoker.java:564)
	at org.testng.internal.Invoker.invokeConfigurations(Invoker.java:213)
	at org.testng.internal.Invoker.invokeConfigurations(Invoker.java:138)
	at org.testng.internal.TestMethodWorker.invokeBeforeClassMethods(TestMethodWorker.java:175)
	at org.testng.internal.TestMethodWorker.run(TestMethodWorker.java:107)
	at org.testng.TestRunner.privateRun(TestRunner.java:767)
	at org.testng.TestRunner.run(TestRunner.java:617)
	at org.testng.SuiteRunner.runTest(SuiteRunner.java:334)
	at org.testng.SuiteRunner.runSequentially(SuiteRunner.java:329)
	at org.testng.SuiteRunner.privateRun(SuiteRunner.java:291)
	at org.testng.SuiteRunner.run(SuiteRunner.java:240)
	at org.testng.SuiteRunnerWorker.runSuite(SuiteRunnerWorker.java:52)
	at org.testng.SuiteRunnerWorker.run(SuiteRunnerWorker.java:86)
	at org.testng.TestNG.runSuitesSequentially(TestNG.java:1198)
	at org.testng.TestNG.runSuitesLocally(TestNG.java:1123)
	at org.testng.TestNG.run(TestNG.java:1031)
	at org.apache.maven.surefire.testng.TestNGExecutor.run(TestNGExecutor.java:293)
	at org.apache.maven.surefire.testng.TestNGXmlTestSuite.execute(TestNGXmlTestSuite.java:84)
	at org.apache.maven.surefire.testng.TestNGProvider.invoke(TestNGProvider.java:91)
	at org.apache.maven.surefire.booter.ForkedBooter.invokeProviderInSameClassLoader(ForkedBooter.java:200)
	at org.apache.maven.surefire.booter.ForkedBooter.runSuitesInProcess(ForkedBooter.java:153)
	at org.apache.maven.surefire.booter.ForkedBooter.main(ForkedBooter.java:103)
]]>
            </full-stacktrace>
          </exception> <!-- org.openqa.selenium.SessionNotCreatedException -->
          <reporter-output>
            <line>
              <![CDATA[Browser Launched Successfully]]>
            </line>
          </reporter-output>
        </test-method> <!-- BrowserLaunch -->
        <test-method status="SKIP" signature="closeBrowser()[pri:0, instance:Scenarios.Leasing.Leasing_LeaseUsingExistnigIndividualAccount@78e000bb]" name="closeBrowser" is-config="true" duration-ms="0" started-at="2016-10-14T00:05:32Z" finished-at="2016-10-14T00:05:32Z">
          <reporter-output>
          </reporter-output>
        </test-method> <!-- closeBrowser -->
        <test-method status="SKIP" signature="afterMethod()[pri:0, instance:Scenarios.Leasing.Leasing_LeaseUsingExistnigIndividualAccount@78e000bb]" name="afterMethod" is-config="true" duration-ms="0" started-at="2016-10-14T00:05:32Z" finished-at="2016-10-14T00:05:32Z">
          <reporter-output>
          </reporter-output>
        </test-method> <!-- afterMethod -->
        <test-method status="SKIP" signature="Leasing_LeaseUsingExistnigAccount(java.util.Hashtable)[pri:0, instance:Scenarios.Leasing.Leasing_LeaseUsingExistnigIndividualAccount@78e000bb]" name="Leasing_LeaseUsingExistnigAccount" duration-ms="0" started-at="2016-10-14T00:05:32Z" data-provider="getLoginData" finished-at="2016-10-14T00:05:32Z">
          <params>
            <param index="0">
              <value>
                <![CDATA[{UserName=930326, Street=NA, MilitaryID=, Areacode=NA, ActiveDutyStartDate=, Password=password, KeypadZone=1st Floor Spaces, Department=, Firstname=, City=NA, DrivingLicenseNum=NA, Email=NA, Mili_LineNum=6400, Title=, CheckNumber=NA, Rank=, InsuranceCoverage=$11.00 ($3,000 coverage), SupervisorPhoneType=Cell, PhoneType=NA, UnitName=unit1, StorageContent=Household Goods, CompanyName=, BithDate=11/11/1990, Notes=, Unitname=, Runmode=Y, AccessZone=01 - Normal, Mili_Exchange=972, Exchange=NA, State=NA, Leasing=Y, LineNumber=NA, TestCases=Leasing_LeaseUsingExistnigIndividualAccount, StateCode=NA, Zipcode=NA, Dob=, BankRoutingNum=NA, Mili_AreaCode=415, CustomerAccNum=NA, Relation=NA, CheckingAccNum=NA, LastName=NA, MilitaryBranch=}]]>
              </value>
            </param>
          </params>
          <reporter-output>
          </reporter-output>
        </test-method> <!-- Leasing_LeaseUsingExistnigAccount -->
        <test-method status="SKIP" signature="executionResultFile()[pri:0, instance:Scenarios.Leasing.Leasing_LeaseUsingExistnigIndividualAccount@78e000bb]" name="executionResultFile" is-config="true" duration-ms="0" started-at="2016-10-14T00:05:32Z" finished-at="2016-10-14T00:05:32Z">
          <reporter-output>
          </reporter-output>
        </test-method> <!-- executionResultFile -->
      </class> <!-- Scenarios.Leasing.Leasing_LeaseUsingExistnigIndividualAccount -->
    </test> <!-- Test -->
  </suite> <!-- Suite -->
</testng-results>
